<?xml version="1.0" encoding="UTF-8"?>
<!-- Generated by org.testng.reporters.JUnitReportReporter -->
<testsuite hostname="DESKTOP-M0OO5DE" failures="0" tests="1" name="practice.DummyClassTest" time="0.013" errors="0" timestamp="2022-09-19T20:42:59 IST" skipped="0">
  <testcase classname="practice.DummyClassTest" name="dummyTestMethod" time="0.013"/>
  <system-out/>
</testsuite> <!-- practice.DummyClassTest -->
